2021-08-19 17:48:30,546 - JarHolder: error establishing connection to JAR at "jar:file:${user.home}/.m2/repository/org/softauto/jdry-tester/beta-1.0/jdry-tester-beta-1.0.jar!/"
java.io.FileNotFoundException: ${user.home}\.m2\repository\org\softauto\jdry-tester\beta-1.0\jdry-tester-beta-1.0.jar (The system cannot find the path specified)
	at java.util.zip.ZipFile.open(Native Method)
	at java.util.zip.ZipFile.<init>(ZipFile.java:225)
	at java.util.zip.ZipFile.<init>(ZipFile.java:155)
	at java.util.jar.JarFile.<init>(JarFile.java:166)
	at java.util.jar.JarFile.<init>(JarFile.java:103)
	at sun.net.www.protocol.jar.URLJarFile.<init>(URLJarFile.java:93)
	at sun.net.www.protocol.jar.URLJarFile.getJarFile(URLJarFile.java:69)
	at sun.net.www.protocol.jar.JarFileFactory.get(JarFileFactory.java:94)
	at sun.net.www.protocol.jar.JarURLConnection.connect(JarURLConnection.java:122)
	at org.apache.velocity.runtime.resource.loader.JarHolder.init(JarHolder.java:83)
	at org.apache.velocity.runtime.resource.loader.JarHolder.<init>(JarHolder.java:59)
	at org.apache.velocity.runtime.resource.loader.JarResourceLoader.loadJar(JarResourceLoader.java:155)
	at org.apache.velocity.runtime.resource.loader.JarResourceLoader.init(JarResourceLoader.java:118)
	at org.apache.velocity.runtime.resource.ResourceManagerImpl.initialize(ResourceManagerImpl.java:143)
	at org.apache.velocity.runtime.RuntimeInstance.initializeResourceManager(RuntimeInstance.java:730)
	at org.apache.velocity.runtime.RuntimeInstance.init(RuntimeInstance.java:263)
	at org.apache.velocity.runtime.RuntimeInstance.requireInitialization(RuntimeInstance.java:302)
	at org.apache.velocity.runtime.RuntimeInstance.getTemplate(RuntimeInstance.java:1531)
	at org.apache.velocity.runtime.RuntimeInstance.getTemplate(RuntimeInstance.java:1514)
	at org.apache.velocity.app.VelocityEngine.getTemplate(VelocityEngine.java:373)
	at org.apache.avro.Compiler.renderTemplate(Compiler.java:620)
	at org.apache.avro.Compiler.compile(Compiler.java:700)
	at org.apache.avro.Compiler.compileProtocolToDestination(Compiler.java:613)
	at org.softauto.avro.tools.CompilerTool.doCompile(CompilerTool.java:107)
	at org.softauto.avro.tools.CompilerTool.run(CompilerTool.java:92)
	at org.softauto.avro.tools.Main.run(Main.java:42)
	at org.softauto.avro.tools.Main.main(Main.java:31)
2021-08-19 17:48:30,554 - Could not auto-initialize Velocity
org.apache.velocity.exception.VelocityException: JarHolder: error establishing connection to JAR at "jar:file:${user.home}/.m2/repository/org/softauto/jdry-tester/beta-1.0/jdry-tester-beta-1.0.jar!/"
	at org.apache.velocity.runtime.resource.loader.JarHolder.init(JarHolder.java:91)
	at org.apache.velocity.runtime.resource.loader.JarHolder.<init>(JarHolder.java:59)
	at org.apache.velocity.runtime.resource.loader.JarResourceLoader.loadJar(JarResourceLoader.java:155)
	at org.apache.velocity.runtime.resource.loader.JarResourceLoader.init(JarResourceLoader.java:118)
	at org.apache.velocity.runtime.resource.ResourceManagerImpl.initialize(ResourceManagerImpl.java:143)
	at org.apache.velocity.runtime.RuntimeInstance.initializeResourceManager(RuntimeInstance.java:730)
	at org.apache.velocity.runtime.RuntimeInstance.init(RuntimeInstance.java:263)
	at org.apache.velocity.runtime.RuntimeInstance.requireInitialization(RuntimeInstance.java:302)
	at org.apache.velocity.runtime.RuntimeInstance.getTemplate(RuntimeInstance.java:1531)
	at org.apache.velocity.runtime.RuntimeInstance.getTemplate(RuntimeInstance.java:1514)
	at org.apache.velocity.app.VelocityEngine.getTemplate(VelocityEngine.java:373)
	at org.apache.avro.Compiler.renderTemplate(Compiler.java:620)
	at org.apache.avro.Compiler.compile(Compiler.java:700)
	at org.apache.avro.Compiler.compileProtocolToDestination(Compiler.java:613)
	at org.softauto.avro.tools.CompilerTool.doCompile(CompilerTool.java:107)
	at org.softauto.avro.tools.CompilerTool.run(CompilerTool.java:92)
	at org.softauto.avro.tools.Main.run(Main.java:42)
	at org.softauto.avro.tools.Main.main(Main.java:31)
Caused by: java.io.FileNotFoundException: ${user.home}\.m2\repository\org\softauto\jdry-tester\beta-1.0\jdry-tester-beta-1.0.jar (The system cannot find the path specified)
	at java.util.zip.ZipFile.open(Native Method)
	at java.util.zip.ZipFile.<init>(ZipFile.java:225)
	at java.util.zip.ZipFile.<init>(ZipFile.java:155)
	at java.util.jar.JarFile.<init>(JarFile.java:166)
	at java.util.jar.JarFile.<init>(JarFile.java:103)
	at sun.net.www.protocol.jar.URLJarFile.<init>(URLJarFile.java:93)
	at sun.net.www.protocol.jar.URLJarFile.getJarFile(URLJarFile.java:69)
	at sun.net.www.protocol.jar.JarFileFactory.get(JarFileFactory.java:94)
	at sun.net.www.protocol.jar.JarURLConnection.connect(JarURLConnection.java:122)
	at org.apache.velocity.runtime.resource.loader.JarHolder.init(JarHolder.java:83)
	... 17 more
2021-08-19 17:50:43,599 - JarHolder: error establishing connection to JAR at "jar:file:${user.home}/.m2/repository/org/softauto/jdry-tester/beta-1.0/jdry-tester-beta-1.0.jar!/"
java.io.FileNotFoundException: ${user.home}\.m2\repository\org\softauto\jdry-tester\beta-1.0\jdry-tester-beta-1.0.jar (The system cannot find the path specified)
	at java.util.zip.ZipFile.open(Native Method)
	at java.util.zip.ZipFile.<init>(ZipFile.java:225)
	at java.util.zip.ZipFile.<init>(ZipFile.java:155)
	at java.util.jar.JarFile.<init>(JarFile.java:166)
	at java.util.jar.JarFile.<init>(JarFile.java:103)
	at sun.net.www.protocol.jar.URLJarFile.<init>(URLJarFile.java:93)
	at sun.net.www.protocol.jar.URLJarFile.getJarFile(URLJarFile.java:69)
	at sun.net.www.protocol.jar.JarFileFactory.get(JarFileFactory.java:94)
	at sun.net.www.protocol.jar.JarURLConnection.connect(JarURLConnection.java:122)
	at org.apache.velocity.runtime.resource.loader.JarHolder.init(JarHolder.java:83)
	at org.apache.velocity.runtime.resource.loader.JarHolder.<init>(JarHolder.java:59)
	at org.apache.velocity.runtime.resource.loader.JarResourceLoader.loadJar(JarResourceLoader.java:155)
	at org.apache.velocity.runtime.resource.loader.JarResourceLoader.init(JarResourceLoader.java:118)
	at org.apache.velocity.runtime.resource.ResourceManagerImpl.initialize(ResourceManagerImpl.java:143)
	at org.apache.velocity.runtime.RuntimeInstance.initializeResourceManager(RuntimeInstance.java:730)
	at org.apache.velocity.runtime.RuntimeInstance.init(RuntimeInstance.java:263)
	at org.apache.velocity.runtime.RuntimeInstance.requireInitialization(RuntimeInstance.java:302)
	at org.apache.velocity.runtime.RuntimeInstance.getTemplate(RuntimeInstance.java:1531)
	at org.apache.velocity.runtime.RuntimeInstance.getTemplate(RuntimeInstance.java:1514)
	at org.apache.velocity.app.VelocityEngine.getTemplate(VelocityEngine.java:373)
	at org.apache.avro.Compiler.renderTemplate(Compiler.java:620)
	at org.apache.avro.Compiler.compile(Compiler.java:700)
	at org.apache.avro.Compiler.compileProtocolToDestination(Compiler.java:613)
	at org.softauto.avro.tools.CompilerTool.doCompile(CompilerTool.java:107)
	at org.softauto.avro.tools.CompilerTool.run(CompilerTool.java:92)
	at org.softauto.avro.tools.Main.run(Main.java:42)
	at org.softauto.avro.tools.Main.main(Main.java:31)
2021-08-19 17:50:43,603 - Could not auto-initialize Velocity
org.apache.velocity.exception.VelocityException: JarHolder: error establishing connection to JAR at "jar:file:${user.home}/.m2/repository/org/softauto/jdry-tester/beta-1.0/jdry-tester-beta-1.0.jar!/"
	at org.apache.velocity.runtime.resource.loader.JarHolder.init(JarHolder.java:91)
	at org.apache.velocity.runtime.resource.loader.JarHolder.<init>(JarHolder.java:59)
	at org.apache.velocity.runtime.resource.loader.JarResourceLoader.loadJar(JarResourceLoader.java:155)
	at org.apache.velocity.runtime.resource.loader.JarResourceLoader.init(JarResourceLoader.java:118)
	at org.apache.velocity.runtime.resource.ResourceManagerImpl.initialize(ResourceManagerImpl.java:143)
	at org.apache.velocity.runtime.RuntimeInstance.initializeResourceManager(RuntimeInstance.java:730)
	at org.apache.velocity.runtime.RuntimeInstance.init(RuntimeInstance.java:263)
	at org.apache.velocity.runtime.RuntimeInstance.requireInitialization(RuntimeInstance.java:302)
	at org.apache.velocity.runtime.RuntimeInstance.getTemplate(RuntimeInstance.java:1531)
	at org.apache.velocity.runtime.RuntimeInstance.getTemplate(RuntimeInstance.java:1514)
	at org.apache.velocity.app.VelocityEngine.getTemplate(VelocityEngine.java:373)
	at org.apache.avro.Compiler.renderTemplate(Compiler.java:620)
	at org.apache.avro.Compiler.compile(Compiler.java:700)
	at org.apache.avro.Compiler.compileProtocolToDestination(Compiler.java:613)
	at org.softauto.avro.tools.CompilerTool.doCompile(CompilerTool.java:107)
	at org.softauto.avro.tools.CompilerTool.run(CompilerTool.java:92)
	at org.softauto.avro.tools.Main.run(Main.java:42)
	at org.softauto.avro.tools.Main.main(Main.java:31)
Caused by: java.io.FileNotFoundException: ${user.home}\.m2\repository\org\softauto\jdry-tester\beta-1.0\jdry-tester-beta-1.0.jar (The system cannot find the path specified)
	at java.util.zip.ZipFile.open(Native Method)
	at java.util.zip.ZipFile.<init>(ZipFile.java:225)
	at java.util.zip.ZipFile.<init>(ZipFile.java:155)
	at java.util.jar.JarFile.<init>(JarFile.java:166)
	at java.util.jar.JarFile.<init>(JarFile.java:103)
	at sun.net.www.protocol.jar.URLJarFile.<init>(URLJarFile.java:93)
	at sun.net.www.protocol.jar.URLJarFile.getJarFile(URLJarFile.java:69)
	at sun.net.www.protocol.jar.JarFileFactory.get(JarFileFactory.java:94)
	at sun.net.www.protocol.jar.JarURLConnection.connect(JarURLConnection.java:122)
	at org.apache.velocity.runtime.resource.loader.JarHolder.init(JarHolder.java:83)
	... 17 more
2021-08-19 17:51:39,181 - JarHolder: error establishing connection to JAR at "jar:file:${user.home}/.m2/repository/org/softauto/jdry-tester/beta-1.0/jdry-tester-beta-1.0.jar!/"
java.io.FileNotFoundException: ${user.home}\.m2\repository\org\softauto\jdry-tester\beta-1.0\jdry-tester-beta-1.0.jar (The system cannot find the path specified)
	at java.util.zip.ZipFile.open(Native Method)
	at java.util.zip.ZipFile.<init>(ZipFile.java:225)
	at java.util.zip.ZipFile.<init>(ZipFile.java:155)
	at java.util.jar.JarFile.<init>(JarFile.java:166)
	at java.util.jar.JarFile.<init>(JarFile.java:103)
	at sun.net.www.protocol.jar.URLJarFile.<init>(URLJarFile.java:93)
	at sun.net.www.protocol.jar.URLJarFile.getJarFile(URLJarFile.java:69)
	at sun.net.www.protocol.jar.JarFileFactory.get(JarFileFactory.java:94)
	at sun.net.www.protocol.jar.JarURLConnection.connect(JarURLConnection.java:122)
	at org.apache.velocity.runtime.resource.loader.JarHolder.init(JarHolder.java:83)
	at org.apache.velocity.runtime.resource.loader.JarHolder.<init>(JarHolder.java:59)
	at org.apache.velocity.runtime.resource.loader.JarResourceLoader.loadJar(JarResourceLoader.java:155)
	at org.apache.velocity.runtime.resource.loader.JarResourceLoader.init(JarResourceLoader.java:118)
	at org.apache.velocity.runtime.resource.ResourceManagerImpl.initialize(ResourceManagerImpl.java:143)
	at org.apache.velocity.runtime.RuntimeInstance.initializeResourceManager(RuntimeInstance.java:730)
	at org.apache.velocity.runtime.RuntimeInstance.init(RuntimeInstance.java:263)
	at org.apache.velocity.runtime.RuntimeInstance.requireInitialization(RuntimeInstance.java:302)
	at org.apache.velocity.runtime.RuntimeInstance.getTemplate(RuntimeInstance.java:1531)
	at org.apache.velocity.runtime.RuntimeInstance.getTemplate(RuntimeInstance.java:1514)
	at org.apache.velocity.app.VelocityEngine.getTemplate(VelocityEngine.java:373)
	at org.apache.avro.Compiler.renderTemplate(Compiler.java:620)
	at org.apache.avro.Compiler.compile(Compiler.java:700)
	at org.apache.avro.Compiler.compileProtocolToDestination(Compiler.java:613)
	at org.softauto.avro.tools.CompilerTool.doCompile(CompilerTool.java:108)
	at org.softauto.avro.tools.CompilerTool.run(CompilerTool.java:92)
	at org.softauto.avro.tools.Main.run(Main.java:42)
	at org.softauto.avro.tools.Main.main(Main.java:31)
2021-08-19 17:51:39,188 - Could not auto-initialize Velocity
org.apache.velocity.exception.VelocityException: JarHolder: error establishing connection to JAR at "jar:file:${user.home}/.m2/repository/org/softauto/jdry-tester/beta-1.0/jdry-tester-beta-1.0.jar!/"
	at org.apache.velocity.runtime.resource.loader.JarHolder.init(JarHolder.java:91)
	at org.apache.velocity.runtime.resource.loader.JarHolder.<init>(JarHolder.java:59)
	at org.apache.velocity.runtime.resource.loader.JarResourceLoader.loadJar(JarResourceLoader.java:155)
	at org.apache.velocity.runtime.resource.loader.JarResourceLoader.init(JarResourceLoader.java:118)
	at org.apache.velocity.runtime.resource.ResourceManagerImpl.initialize(ResourceManagerImpl.java:143)
	at org.apache.velocity.runtime.RuntimeInstance.initializeResourceManager(RuntimeInstance.java:730)
	at org.apache.velocity.runtime.RuntimeInstance.init(RuntimeInstance.java:263)
	at org.apache.velocity.runtime.RuntimeInstance.requireInitialization(RuntimeInstance.java:302)
	at org.apache.velocity.runtime.RuntimeInstance.getTemplate(RuntimeInstance.java:1531)
	at org.apache.velocity.runtime.RuntimeInstance.getTemplate(RuntimeInstance.java:1514)
	at org.apache.velocity.app.VelocityEngine.getTemplate(VelocityEngine.java:373)
	at org.apache.avro.Compiler.renderTemplate(Compiler.java:620)
	at org.apache.avro.Compiler.compile(Compiler.java:700)
	at org.apache.avro.Compiler.compileProtocolToDestination(Compiler.java:613)
	at org.softauto.avro.tools.CompilerTool.doCompile(CompilerTool.java:108)
	at org.softauto.avro.tools.CompilerTool.run(CompilerTool.java:92)
	at org.softauto.avro.tools.Main.run(Main.java:42)
	at org.softauto.avro.tools.Main.main(Main.java:31)
Caused by: java.io.FileNotFoundException: ${user.home}\.m2\repository\org\softauto\jdry-tester\beta-1.0\jdry-tester-beta-1.0.jar (The system cannot find the path specified)
	at java.util.zip.ZipFile.open(Native Method)
	at java.util.zip.ZipFile.<init>(ZipFile.java:225)
	at java.util.zip.ZipFile.<init>(ZipFile.java:155)
	at java.util.jar.JarFile.<init>(JarFile.java:166)
	at java.util.jar.JarFile.<init>(JarFile.java:103)
	at sun.net.www.protocol.jar.URLJarFile.<init>(URLJarFile.java:93)
	at sun.net.www.protocol.jar.URLJarFile.getJarFile(URLJarFile.java:69)
	at sun.net.www.protocol.jar.JarFileFactory.get(JarFileFactory.java:94)
	at sun.net.www.protocol.jar.JarURLConnection.connect(JarURLConnection.java:122)
	at org.apache.velocity.runtime.resource.loader.JarHolder.init(JarHolder.java:83)
	... 17 more
2021-08-19 17:53:35,249 - JarHolder: error establishing connection to JAR at "jar:file:${user.home}/.m2/repository/org/softauto/jdry-tester/beta-1.0/jdry-tester-beta-1.0.jar!/"
java.io.FileNotFoundException: ${user.home}\.m2\repository\org\softauto\jdry-tester\beta-1.0\jdry-tester-beta-1.0.jar (The system cannot find the path specified)
	at java.util.zip.ZipFile.open(Native Method)
	at java.util.zip.ZipFile.<init>(ZipFile.java:225)
	at java.util.zip.ZipFile.<init>(ZipFile.java:155)
	at java.util.jar.JarFile.<init>(JarFile.java:166)
	at java.util.jar.JarFile.<init>(JarFile.java:103)
	at sun.net.www.protocol.jar.URLJarFile.<init>(URLJarFile.java:93)
	at sun.net.www.protocol.jar.URLJarFile.getJarFile(URLJarFile.java:69)
	at sun.net.www.protocol.jar.JarFileFactory.get(JarFileFactory.java:94)
	at sun.net.www.protocol.jar.JarURLConnection.connect(JarURLConnection.java:122)
	at org.apache.velocity.runtime.resource.loader.JarHolder.init(JarHolder.java:83)
	at org.apache.velocity.runtime.resource.loader.JarHolder.<init>(JarHolder.java:59)
	at org.apache.velocity.runtime.resource.loader.JarResourceLoader.loadJar(JarResourceLoader.java:155)
	at org.apache.velocity.runtime.resource.loader.JarResourceLoader.init(JarResourceLoader.java:118)
	at org.apache.velocity.runtime.resource.ResourceManagerImpl.initialize(ResourceManagerImpl.java:143)
	at org.apache.velocity.runtime.RuntimeInstance.initializeResourceManager(RuntimeInstance.java:730)
	at org.apache.velocity.runtime.RuntimeInstance.init(RuntimeInstance.java:263)
	at org.apache.velocity.runtime.RuntimeInstance.requireInitialization(RuntimeInstance.java:302)
	at org.apache.velocity.runtime.RuntimeInstance.getTemplate(RuntimeInstance.java:1531)
	at org.apache.velocity.runtime.RuntimeInstance.getTemplate(RuntimeInstance.java:1514)
	at org.apache.velocity.app.VelocityEngine.getTemplate(VelocityEngine.java:373)
	at org.apache.avro.Compiler.renderTemplate(Compiler.java:620)
	at org.apache.avro.Compiler.compile(Compiler.java:700)
	at org.apache.avro.Compiler.compileProtocolToDestination(Compiler.java:613)
	at org.softauto.avro.tools.CompilerTool.doCompile(CompilerTool.java:108)
	at org.softauto.avro.tools.CompilerTool.run(CompilerTool.java:92)
	at org.softauto.avro.tools.Main.run(Main.java:42)
	at org.softauto.avro.tools.Main.main(Main.java:31)
2021-08-19 17:53:35,258 - Could not auto-initialize Velocity
org.apache.velocity.exception.VelocityException: JarHolder: error establishing connection to JAR at "jar:file:${user.home}/.m2/repository/org/softauto/jdry-tester/beta-1.0/jdry-tester-beta-1.0.jar!/"
	at org.apache.velocity.runtime.resource.loader.JarHolder.init(JarHolder.java:91)
	at org.apache.velocity.runtime.resource.loader.JarHolder.<init>(JarHolder.java:59)
	at org.apache.velocity.runtime.resource.loader.JarResourceLoader.loadJar(JarResourceLoader.java:155)
	at org.apache.velocity.runtime.resource.loader.JarResourceLoader.init(JarResourceLoader.java:118)
	at org.apache.velocity.runtime.resource.ResourceManagerImpl.initialize(ResourceManagerImpl.java:143)
	at org.apache.velocity.runtime.RuntimeInstance.initializeResourceManager(RuntimeInstance.java:730)
	at org.apache.velocity.runtime.RuntimeInstance.init(RuntimeInstance.java:263)
	at org.apache.velocity.runtime.RuntimeInstance.requireInitialization(RuntimeInstance.java:302)
	at org.apache.velocity.runtime.RuntimeInstance.getTemplate(RuntimeInstance.java:1531)
	at org.apache.velocity.runtime.RuntimeInstance.getTemplate(RuntimeInstance.java:1514)
	at org.apache.velocity.app.VelocityEngine.getTemplate(VelocityEngine.java:373)
	at org.apache.avro.Compiler.renderTemplate(Compiler.java:620)
	at org.apache.avro.Compiler.compile(Compiler.java:700)
	at org.apache.avro.Compiler.compileProtocolToDestination(Compiler.java:613)
	at org.softauto.avro.tools.CompilerTool.doCompile(CompilerTool.java:108)
	at org.softauto.avro.tools.CompilerTool.run(CompilerTool.java:92)
	at org.softauto.avro.tools.Main.run(Main.java:42)
	at org.softauto.avro.tools.Main.main(Main.java:31)
Caused by: java.io.FileNotFoundException: ${user.home}\.m2\repository\org\softauto\jdry-tester\beta-1.0\jdry-tester-beta-1.0.jar (The system cannot find the path specified)
	at java.util.zip.ZipFile.open(Native Method)
	at java.util.zip.ZipFile.<init>(ZipFile.java:225)
	at java.util.zip.ZipFile.<init>(ZipFile.java:155)
	at java.util.jar.JarFile.<init>(JarFile.java:166)
	at java.util.jar.JarFile.<init>(JarFile.java:103)
	at sun.net.www.protocol.jar.URLJarFile.<init>(URLJarFile.java:93)
	at sun.net.www.protocol.jar.URLJarFile.getJarFile(URLJarFile.java:69)
	at sun.net.www.protocol.jar.JarFileFactory.get(JarFileFactory.java:94)
	at sun.net.www.protocol.jar.JarURLConnection.connect(JarURLConnection.java:122)
	at org.apache.velocity.runtime.resource.loader.JarHolder.init(JarHolder.java:83)
	... 17 more
